0 info it worked if it ends with ok
1 verbose cli [ '/usr/local/bin/node', '/usr/local/bin/npm', 'run', 'go' ]
2 info using npm@3.9.0
3 info using node@v4.0.0
4 verbose run-script [ 'prego', 'go', 'postgo' ]
5 info lifecycle lifeScienceDemo@1.0.0~prego: lifeScienceDemo@1.0.0
6 silly lifecycle lifeScienceDemo@1.0.0~prego: no script for prego, continuing
7 info lifecycle lifeScienceDemo@1.0.0~go: lifeScienceDemo@1.0.0
8 verbose lifecycle lifeScienceDemo@1.0.0~go: unsafe-perm in lifecycle true
9 verbose lifecycle lifeScienceDemo@1.0.0~go: PATH: /usr/local/lib/node_modules/npm/bin/node-gyp-bin:/Users/hackschool/Documents/dev/healthhack/node_modules/.bin:/usr/local/bin:/usr/local/bin:/usr/bin:/bin:/usr/sbin:/sbin
10 verbose lifecycle lifeScienceDemo@1.0.0~go: CWD: /Users/hackschool/Documents/dev/healthhack
11 silly lifecycle lifeScienceDemo@1.0.0~go: Args: [ '-c',
11 silly lifecycle   'webpack-dev-server --display-reasons --display-chunks' ]
12 info lifecycle lifeScienceDemo@1.0.0~go: Failed to exec go script
13 verbose stack Error: lifeScienceDemo@1.0.0 go: `webpack-dev-server --display-reasons --display-chunks`
13 verbose stack spawn ENOENT
13 verbose stack     at ChildProcess.<anonymous> (/usr/local/lib/node_modules/npm/lib/utils/spawn.js:17:16)
13 verbose stack     at emitTwo (events.js:87:13)
13 verbose stack     at ChildProcess.emit (events.js:172:7)
13 verbose stack     at maybeClose (internal/child_process.js:817:16)
13 verbose stack     at Process.ChildProcess._handle.onexit (internal/child_process.js:211:5)
14 verbose pkgid lifeScienceDemo@1.0.0
15 verbose cwd /Users/hackschool/Documents/dev/healthhack
16 error Darwin 14.5.0
17 error argv "/usr/local/bin/node" "/usr/local/bin/npm" "run" "go"
18 error node v4.0.0
19 error npm  v3.9.0
20 error file sh
21 error code ELIFECYCLE
22 error errno ENOENT
23 error syscall spawn
24 error lifeScienceDemo@1.0.0 go: `webpack-dev-server --display-reasons --display-chunks`
24 error spawn ENOENT
25 error Failed at the lifeScienceDemo@1.0.0 go script 'webpack-dev-server --display-reasons --display-chunks'.
25 error Make sure you have the latest version of node.js and npm installed.
25 error If you do, this is most likely a problem with the lifeScienceDemo package,
25 error not with npm itself.
25 error Tell the author that this fails on your system:
25 error     webpack-dev-server --display-reasons --display-chunks
25 error You can get information on how to open an issue for this project with:
25 error     npm bugs lifeScienceDemo
25 error Or if that isn't available, you can get their info via:
25 error     npm owner ls lifeScienceDemo
25 error There is likely additional logging output above.
26 verbose exit [ 1, true ]
